mode: set
github.com/tlabdotcom/goresponse/errors.go:31.36,33.2 1 0
github.com/tlabdotcom/goresponse/errors.go:36.70,42.2 1 1
github.com/tlabdotcom/goresponse/errors.go:45.50,46.14 1 1
github.com/tlabdotcom/goresponse/errors.go:47.29,48.65 1 1
github.com/tlabdotcom/goresponse/errors.go:49.31,50.55 1 1
github.com/tlabdotcom/goresponse/errors.go:51.28,52.61 1 0
github.com/tlabdotcom/goresponse/errors.go:53.27,54.52 1 1
github.com/tlabdotcom/goresponse/errors.go:55.27,56.62 1 0
github.com/tlabdotcom/goresponse/errors.go:57.38,58.48 1 0
github.com/tlabdotcom/goresponse/errors.go:59.34,60.82 1 0
github.com/tlabdotcom/goresponse/errors.go:61.38,62.68 1 1
github.com/tlabdotcom/goresponse/errors.go:63.37,64.74 1 0
github.com/tlabdotcom/goresponse/errors.go:65.10,66.31 1 0
github.com/tlabdotcom/goresponse/errors.go:71.49,73.2 1 1
github.com/tlabdotcom/goresponse/errors.go:76.78,77.25 1 1
github.com/tlabdotcom/goresponse/errors.go:78.34,79.35 1 1
github.com/tlabdotcom/goresponse/errors.go:79.35,84.4 1 1
github.com/tlabdotcom/goresponse/errors.go:85.32,89.5 1 1
github.com/tlabdotcom/goresponse/errors.go:90.10,92.27 1 1
github.com/tlabdotcom/goresponse/errors.go:92.27,99.4 3 1
github.com/tlabdotcom/goresponse/errors.go:99.9,106.4 2 1
github.com/tlabdotcom/goresponse/errors.go:108.2,108.12 1 1
github.com/tlabdotcom/goresponse/errors.go:112.104,118.2 2 1
github.com/tlabdotcom/goresponse/errors.go:121.62,123.66 1 1
github.com/tlabdotcom/goresponse/errors.go:123.66,125.3 1 1
github.com/tlabdotcom/goresponse/errors.go:126.2,126.30 1 1
github.com/tlabdotcom/goresponse/errors.go:130.52,134.25 3 1
github.com/tlabdotcom/goresponse/errors.go:135.23,137.41 2 1
github.com/tlabdotcom/goresponse/errors.go:138.18,140.22 2 0
github.com/tlabdotcom/goresponse/errors.go:141.10,143.43 2 0
github.com/tlabdotcom/goresponse/errors.go:146.2,149.20 3 1
github.com/tlabdotcom/goresponse/errors.go:149.20,154.156 2 0
github.com/tlabdotcom/goresponse/errors.go:154.156,156.4 1 0
github.com/tlabdotcom/goresponse/errors.go:161.75,164.29 2 1
github.com/tlabdotcom/goresponse/errors.go:165.18,166.53 1 1
github.com/tlabdotcom/goresponse/errors.go:167.15,168.77 1 1
github.com/tlabdotcom/goresponse/errors.go:169.13,170.92 1 1
github.com/tlabdotcom/goresponse/errors.go:171.13,172.97 1 0
github.com/tlabdotcom/goresponse/errors.go:173.13,174.83 1 0
github.com/tlabdotcom/goresponse/errors.go:175.13,176.80 1 0
github.com/tlabdotcom/goresponse/errors.go:177.13,178.67 1 0
github.com/tlabdotcom/goresponse/errors.go:179.18,180.77 1 0
github.com/tlabdotcom/goresponse/errors.go:181.10,182.59 1 0
github.com/tlabdotcom/goresponse/errors.go:187.38,190.2 1 1
github.com/tlabdotcom/goresponse/errors.go:193.56,197.35 3 1
github.com/tlabdotcom/goresponse/errors.go:197.35,200.3 2 1
github.com/tlabdotcom/goresponse/errors.go:200.8,200.44 1 1
github.com/tlabdotcom/goresponse/errors.go:200.44,203.3 2 1
github.com/tlabdotcom/goresponse/errors.go:203.8,205.10 2 1
github.com/tlabdotcom/goresponse/errors.go:206.54,208.61 2 1
github.com/tlabdotcom/goresponse/errors.go:209.59,211.70 2 0
github.com/tlabdotcom/goresponse/errors.go:212.56,214.47 2 0
github.com/tlabdotcom/goresponse/errors.go:215.57,217.51 2 0
github.com/tlabdotcom/goresponse/errors.go:218.11,220.53 2 1
github.com/tlabdotcom/goresponse/errors.go:223.2,223.28 1 1
github.com/tlabdotcom/goresponse/errors.go:227.45,229.29 2 1
github.com/tlabdotcom/goresponse/errors.go:229.29,231.3 1 1
github.com/tlabdotcom/goresponse/errors.go:232.2,232.33 1 1
github.com/tlabdotcom/goresponse/errors.go:236.37,238.24 2 1
github.com/tlabdotcom/goresponse/errors.go:238.24,239.36 1 1
github.com/tlabdotcom/goresponse/errors.go:239.36,241.4 1 1
github.com/tlabdotcom/goresponse/errors.go:242.3,242.22 1 1
github.com/tlabdotcom/goresponse/errors.go:244.2,244.41 1 1
github.com/tlabdotcom/goresponse/pagination.go:34.76,38.36 3 0
github.com/tlabdotcom/goresponse/pagination.go:38.36,43.18 3 0
github.com/tlabdotcom/goresponse/pagination.go:43.18,44.12 1 0
github.com/tlabdotcom/goresponse/pagination.go:48.3,48.28 1 0
github.com/tlabdotcom/goresponse/pagination.go:49.20,50.27 1 0
github.com/tlabdotcom/goresponse/pagination.go:50.27,52.20 2 0
github.com/tlabdotcom/goresponse/pagination.go:52.20,54.6 1 0
github.com/tlabdotcom/goresponse/pagination.go:56.23,58.19 2 0
github.com/tlabdotcom/goresponse/pagination.go:58.19,60.5 1 0
github.com/tlabdotcom/goresponse/pagination.go:61.79,63.20 2 0
github.com/tlabdotcom/goresponse/pagination.go:63.20,65.5 1 0
github.com/tlabdotcom/goresponse/pagination.go:69.2,72.45 4 0
github.com/tlabdotcom/goresponse/pagination.go:76.31,80.32 3 0
github.com/tlabdotcom/goresponse/pagination.go:80.32,82.3 1 0
github.com/tlabdotcom/goresponse/pagination.go:83.2,83.17 1 0
github.com/tlabdotcom/goresponse/pagination.go:86.56,88.21 1 0
github.com/tlabdotcom/goresponse/pagination.go:88.21,90.3 1 0
github.com/tlabdotcom/goresponse/pagination.go:93.2,96.22 2 0
github.com/tlabdotcom/goresponse/pagination.go:96.22,98.3 1 0
github.com/tlabdotcom/goresponse/pagination.go:98.8,98.36 1 0
github.com/tlabdotcom/goresponse/pagination.go:98.36,100.3 1 0
github.com/tlabdotcom/goresponse/pagination.go:103.2,106.37 2 0
github.com/tlabdotcom/goresponse/pagination.go:107.13,108.21 1 0
github.com/tlabdotcom/goresponse/pagination.go:109.14,110.22 1 0
github.com/tlabdotcom/goresponse/pagination.go:111.10,112.22 1 0
github.com/tlabdotcom/goresponse/pagination.go:116.2,116.26 1 0
github.com/tlabdotcom/goresponse/pagination.go:116.26,119.3 2 0
github.com/tlabdotcom/goresponse/pagination.go:121.2,121.15 1 0
github.com/tlabdotcom/goresponse/pagination.go:124.107,136.2 2 0
github.com/tlabdotcom/goresponse/single.go:13.103,15.19 1 0
github.com/tlabdotcom/goresponse/single.go:15.19,17.3 1 0
github.com/tlabdotcom/goresponse/single.go:18.2,18.21 1 0
github.com/tlabdotcom/goresponse/single.go:18.21,20.3 1 0
github.com/tlabdotcom/goresponse/single.go:22.2,26.3 1 0
