mode: set
github.com/tlabdotcom/goresponse/errors.go:31.36,33.2 1 0
github.com/tlabdotcom/goresponse/errors.go:36.70,42.2 1 1
github.com/tlabdotcom/goresponse/errors.go:45.50,46.14 1 1
github.com/tlabdotcom/goresponse/errors.go:47.29,48.65 1 1
github.com/tlabdotcom/goresponse/errors.go:49.31,50.55 1 1
github.com/tlabdotcom/goresponse/errors.go:51.28,52.61 1 0
github.com/tlabdotcom/goresponse/errors.go:53.27,54.52 1 1
github.com/tlabdotcom/goresponse/errors.go:55.27,56.62 1 0
github.com/tlabdotcom/goresponse/errors.go:57.38,58.48 1 0
github.com/tlabdotcom/goresponse/errors.go:59.34,60.82 1 0
github.com/tlabdotcom/goresponse/errors.go:61.38,62.68 1 1
github.com/tlabdotcom/goresponse/errors.go:63.37,64.74 1 0
github.com/tlabdotcom/goresponse/errors.go:65.10,66.31 1 0
github.com/tlabdotcom/goresponse/errors.go:71.49,73.2 1 1
github.com/tlabdotcom/goresponse/errors.go:76.78,77.25 1 1
github.com/tlabdotcom/goresponse/errors.go:78.34,79.35 1 1
github.com/tlabdotcom/goresponse/errors.go:79.35,84.4 1 1
github.com/tlabdotcom/goresponse/errors.go:85.32,89.5 1 1
github.com/tlabdotcom/goresponse/errors.go:90.10,91.57 1 1
github.com/tlabdotcom/goresponse/errors.go:91.57,96.4 1 1
github.com/tlabdotcom/goresponse/errors.go:96.9,101.4 1 1
github.com/tlabdotcom/goresponse/errors.go:103.2,103.12 1 1
github.com/tlabdotcom/goresponse/errors.go:107.104,113.2 2 1
github.com/tlabdotcom/goresponse/errors.go:116.62,118.66 1 1
github.com/tlabdotcom/goresponse/errors.go:118.66,120.3 1 1
github.com/tlabdotcom/goresponse/errors.go:121.2,121.30 1 1
github.com/tlabdotcom/goresponse/errors.go:125.52,129.25 3 1
github.com/tlabdotcom/goresponse/errors.go:130.23,132.41 2 1
github.com/tlabdotcom/goresponse/errors.go:133.18,135.22 2 0
github.com/tlabdotcom/goresponse/errors.go:136.10,138.43 2 0
github.com/tlabdotcom/goresponse/errors.go:141.2,142.48 2 1
github.com/tlabdotcom/goresponse/errors.go:146.75,149.29 2 1
github.com/tlabdotcom/goresponse/errors.go:150.18,151.53 1 1
github.com/tlabdotcom/goresponse/errors.go:152.15,153.77 1 1
github.com/tlabdotcom/goresponse/errors.go:154.13,155.92 1 1
github.com/tlabdotcom/goresponse/errors.go:156.13,157.97 1 0
github.com/tlabdotcom/goresponse/errors.go:158.13,159.83 1 0
github.com/tlabdotcom/goresponse/errors.go:160.13,161.80 1 0
github.com/tlabdotcom/goresponse/errors.go:162.13,163.67 1 0
github.com/tlabdotcom/goresponse/errors.go:164.18,165.77 1 0
github.com/tlabdotcom/goresponse/errors.go:166.10,167.59 1 0
github.com/tlabdotcom/goresponse/errors.go:172.48,173.35 1 1
github.com/tlabdotcom/goresponse/errors.go:173.35,175.3 1 1
github.com/tlabdotcom/goresponse/errors.go:176.2,176.37 1 1
github.com/tlabdotcom/goresponse/errors.go:176.37,178.3 1 1
github.com/tlabdotcom/goresponse/errors.go:180.2,181.9 2 1
github.com/tlabdotcom/goresponse/errors.go:182.53,183.57 1 1
github.com/tlabdotcom/goresponse/errors.go:184.58,185.66 1 0
github.com/tlabdotcom/goresponse/errors.go:186.55,187.43 1 0
github.com/tlabdotcom/goresponse/errors.go:188.56,189.47 1 0
github.com/tlabdotcom/goresponse/errors.go:190.10,191.12 1 1
github.com/tlabdotcom/goresponse/errors.go:196.45,198.29 2 1
github.com/tlabdotcom/goresponse/errors.go:198.29,200.3 1 1
github.com/tlabdotcom/goresponse/errors.go:201.2,201.33 1 1
github.com/tlabdotcom/goresponse/errors.go:205.37,207.24 2 1
github.com/tlabdotcom/goresponse/errors.go:207.24,208.36 1 1
github.com/tlabdotcom/goresponse/errors.go:208.36,210.4 1 1
github.com/tlabdotcom/goresponse/errors.go:211.3,211.22 1 1
github.com/tlabdotcom/goresponse/errors.go:213.2,213.41 1 1
github.com/tlabdotcom/goresponse/pagination.go:34.76,38.36 3 0
github.com/tlabdotcom/goresponse/pagination.go:38.36,43.18 3 0
github.com/tlabdotcom/goresponse/pagination.go:43.18,44.12 1 0
github.com/tlabdotcom/goresponse/pagination.go:48.3,48.28 1 0
github.com/tlabdotcom/goresponse/pagination.go:49.20,50.27 1 0
github.com/tlabdotcom/goresponse/pagination.go:50.27,52.20 2 0
github.com/tlabdotcom/goresponse/pagination.go:52.20,54.6 1 0
github.com/tlabdotcom/goresponse/pagination.go:56.23,58.19 2 0
github.com/tlabdotcom/goresponse/pagination.go:58.19,60.5 1 0
github.com/tlabdotcom/goresponse/pagination.go:61.79,63.20 2 0
github.com/tlabdotcom/goresponse/pagination.go:63.20,65.5 1 0
github.com/tlabdotcom/goresponse/pagination.go:69.2,72.45 4 0
github.com/tlabdotcom/goresponse/pagination.go:76.31,80.32 3 0
github.com/tlabdotcom/goresponse/pagination.go:80.32,82.3 1 0
github.com/tlabdotcom/goresponse/pagination.go:83.2,83.17 1 0
github.com/tlabdotcom/goresponse/pagination.go:86.56,88.21 1 0
github.com/tlabdotcom/goresponse/pagination.go:88.21,90.3 1 0
github.com/tlabdotcom/goresponse/pagination.go:93.2,96.22 2 0
github.com/tlabdotcom/goresponse/pagination.go:96.22,98.3 1 0
github.com/tlabdotcom/goresponse/pagination.go:98.8,98.36 1 0
github.com/tlabdotcom/goresponse/pagination.go:98.36,100.3 1 0
github.com/tlabdotcom/goresponse/pagination.go:103.2,106.37 2 0
github.com/tlabdotcom/goresponse/pagination.go:107.13,108.21 1 0
github.com/tlabdotcom/goresponse/pagination.go:109.14,110.22 1 0
github.com/tlabdotcom/goresponse/pagination.go:111.10,112.22 1 0
github.com/tlabdotcom/goresponse/pagination.go:116.2,116.26 1 0
github.com/tlabdotcom/goresponse/pagination.go:116.26,119.3 2 0
github.com/tlabdotcom/goresponse/pagination.go:121.2,121.15 1 0
github.com/tlabdotcom/goresponse/pagination.go:124.107,136.2 2 0
github.com/tlabdotcom/goresponse/single.go:13.103,15.19 1 0
github.com/tlabdotcom/goresponse/single.go:15.19,17.3 1 0
github.com/tlabdotcom/goresponse/single.go:18.2,18.21 1 0
github.com/tlabdotcom/goresponse/single.go:18.21,20.3 1 0
github.com/tlabdotcom/goresponse/single.go:22.2,26.3 1 0
